{
  "RSpec": {
    "coverage": {
      "/Users/lainmcgrath/Desktop/Turing/mod_4/new_projects/cup_of_sugar/cup-of-sugar-BE/config/environment.rb": {
        "lines": [
          null,
          1,
          null,
          null,
          1
        ]
      },
      "/Users/lainmcgrath/Desktop/Turing/mod_4/new_projects/cup_of_sugar/cup-of-sugar-BE/config/application.rb": {
        "lines": [
          1,
          null,
          1,
          null,
          1,
          1,
          1,
          1,
          1,
          1,
          1,
          1,
          1,
          1,
          1,
          null,
          null,
          null,
          null,
          1,
          null,
          1,
          1,
          null,
          1,
          null,
          null,
          null,
          null,
          null,
          null,
          null,
          null,
          null,
          1,
          1,
          null,
          null
        ]
      },
      "/Users/lainmcgrath/Desktop/Turing/mod_4/new_projects/cup_of_sugar/cup-of-sugar-BE/config/boot.rb": {
        "lines": [
          1,
          null,
          1,
          1
        ]
      },
      "/Users/lainmcgrath/Desktop/Turing/mod_4/new_projects/cup_of_sugar/cup-of-sugar-BE/config/environments/test.rb": {
        "lines": [
          null,
          null,
          null,
          null,
          null,
          1,
          null,
          null,
          1,
          null,
          null,
          null,
          null,
          1,
          null,
          null,
          1,
          1,
          null,
          null,
          null,
          null,
          1,
          1,
          1,
          null,
          null,
          1,
          null,
          null,
          1,
          null,
          null,
          1,
          null,
          1,
          null,
          null,
          null,
          null,
          1,
          null,
          null,
          1,
          null,
          null,
          null,
          null
        ]
      },
      "/Users/lainmcgrath/Desktop/Turing/mod_4/new_projects/cup_of_sugar/cup-of-sugar-BE/config/initializers/application_controller_renderer.rb": {
        "lines": [
          null,
          null,
          null,
          null,
          null,
          null,
          null,
          null
        ]
      },
      "/Users/lainmcgrath/Desktop/Turing/mod_4/new_projects/cup_of_sugar/cup-of-sugar-BE/config/initializers/backtrace_silencers.rb": {
        "lines": [
          null,
          null,
          null,
          null,
          null,
          null,
          null
        ]
      },
      "/Users/lainmcgrath/Desktop/Turing/mod_4/new_projects/cup_of_sugar/cup-of-sugar-BE/config/initializers/cors.rb": {
        "lines": [
          null,
          null,
          null,
          null,
          null,
          null,
          null,
          null,
          null,
          null,
          null,
          null,
          null,
          null,
          null,
          null
        ]
      },
      "/Users/lainmcgrath/Desktop/Turing/mod_4/new_projects/cup_of_sugar/cup-of-sugar-BE/config/initializers/filter_parameter_logging.rb": {
        "lines": [
          null,
          null,
          null,
          1
        ]
      },
      "/Users/lainmcgrath/Desktop/Turing/mod_4/new_projects/cup_of_sugar/cup-of-sugar-BE/config/initializers/inflections.rb": {
        "lines": [
          null,
          null,
          null,
          null,
          null,
          null,
          null,
          null,
          null,
          null,
          null,
          null,
          null,
          null,
          null,
          null
        ]
      },
      "/Users/lainmcgrath/Desktop/Turing/mod_4/new_projects/cup_of_sugar/cup-of-sugar-BE/config/initializers/mime_types.rb": {
        "lines": [
          null,
          null,
          null,
          null
        ]
      },
      "/Users/lainmcgrath/Desktop/Turing/mod_4/new_projects/cup_of_sugar/cup-of-sugar-BE/config/initializers/wrap_parameters.rb": {
        "lines": [
          null,
          null,
          null,
          null,
          null,
          null,
          1,
          2,
          null,
          null,
          null,
          null,
          null,
          null
        ]
      },
      "/Users/lainmcgrath/Desktop/Turing/mod_4/new_projects/cup_of_sugar/cup-of-sugar-BE/config/routes.rb": {
        "lines": [
          1,
          1,
          0,
          null,
          1,
          null,
          null
        ]
      },
      "/Users/lainmcgrath/Desktop/Turing/mod_4/new_projects/cup_of_sugar/cup-of-sugar-BE/app/graphql/mutations/items/update_item.rb": {
        "lines": [
          1,
          1,
          1,
          null,
          1,
          1,
          1,
          null,
          1,
          1,
          1,
          null,
          1,
          1,
          1,
          1,
          null,
          null,
          null,
          null
        ]
      },
      "/Users/lainmcgrath/Desktop/Turing/mod_4/new_projects/cup_of_sugar/cup-of-sugar-BE/app/graphql/mutations/base_mutation.rb": {
        "lines": [
          1,
          1,
          1,
          1,
          1,
          1,
          null,
          null
        ]
      },
      "/Users/lainmcgrath/Desktop/Turing/mod_4/new_projects/cup_of_sugar/cup-of-sugar-BE/app/graphql/types/base_argument.rb": {
        "lines": [
          1,
          1,
          null,
          null
        ]
      },
      "/Users/lainmcgrath/Desktop/Turing/mod_4/new_projects/cup_of_sugar/cup-of-sugar-BE/app/graphql/types/base_field.rb": {
        "lines": [
          1,
          1,
          1,
          null,
          null
        ]
      },
      "/Users/lainmcgrath/Desktop/Turing/mod_4/new_projects/cup_of_sugar/cup-of-sugar-BE/app/graphql/types/base_input_object.rb": {
        "lines": [
          1,
          1,
          1,
          null,
          null
        ]
      },
      "/Users/lainmcgrath/Desktop/Turing/mod_4/new_projects/cup_of_sugar/cup-of-sugar-BE/app/graphql/types/base_object.rb": {
        "lines": [
          1,
          1,
          1,
          null,
          null
        ]
      },
      "/Users/lainmcgrath/Desktop/Turing/mod_4/new_projects/cup_of_sugar/cup-of-sugar-BE/spec/graphql/queries/categories/get_all_categories_spec.rb": {
        "lines": [
          1,
          null,
          1,
          1,
          1,
          1,
          1,
          1,
          1,
          1,
          1,
          null,
          1,
          null,
          1,
          null,
          1,
          1,
          1,
          1,
          1,
          1,
          1,
          null,
          null,
          null,
          1,
          1,
          null,
          null,
          null,
          null,
          null,
          null,
          null,
          null
        ]
      },
      "/Users/lainmcgrath/Desktop/Turing/mod_4/new_projects/cup_of_sugar/cup-of-sugar-BE/app/graphql/types/query_type.rb": {
        "lines": [
          1,
          1,
          null,
          1,
          null,
          null,
          1,
          1,
          null,
          null,
          1,
          null,
          null,
          1,
          1,
          null,
          null,
          1,
          1,
          1,
          null,
          null,
          1,
          3,
          null,
          null,
          null
        ]
      },
      "/Users/lainmcgrath/Desktop/Turing/mod_4/new_projects/cup_of_sugar/cup-of-sugar-BE/app/graphql/types/item_type.rb": {
        "lines": [
          1,
          1,
          1,
          1,
          1,
          1,
          1,
          1,
          1,
          1,
          1,
          null,
          null
        ]
      },
      "/Users/lainmcgrath/Desktop/Turing/mod_4/new_projects/cup_of_sugar/cup-of-sugar-BE/app/graphql/types/category_type.rb": {
        "lines": [
          1,
          1,
          1,
          1,
          1,
          null,
          null
        ]
      },
      "/Users/lainmcgrath/Desktop/Turing/mod_4/new_projects/cup_of_sugar/cup-of-sugar-BE/spec/graphql/queries/items/get_all_items_by_name_spec.rb": {
        "lines": [
          1,
          null,
          1,
          1,
          1,
          1,
          1,
          1,
          null,
          1,
          null,
          1,
          null,
          1,
          1,
          1,
          1,
          1,
          null,
          null,
          1,
          1,
          1,
          null,
          1,
          null,
          1,
          null,
          1,
          1,
          1,
          1,
          1,
          null,
          null,
          1,
          1,
          1,
          1,
          null,
          null,
          null,
          1,
          1,
          null,
          null,
          null,
          null,
          null,
          null,
          null,
          null,
          null,
          null,
          null,
          1,
          2,
          null,
          null,
          null,
          null,
          null,
          null,
          null,
          null,
          null,
          null,
          null
        ]
      },
      "/Users/lainmcgrath/Desktop/Turing/mod_4/new_projects/cup_of_sugar/cup-of-sugar-BE/spec/graphql/queries/items/get_all_items_spec.rb": {
        "lines": [
          1,
          null,
          1,
          1,
          1,
          1,
          1,
          1,
          1,
          1,
          1,
          1,
          null,
          1,
          null,
          1,
          null,
          1,
          1,
          1,
          1,
          1,
          1,
          1,
          null,
          null,
          null,
          1,
          1,
          null,
          null,
          null,
          null,
          null,
          null,
          null,
          null,
          null,
          null,
          null,
          null,
          null,
          null,
          null,
          null
        ]
      },
      "/Users/lainmcgrath/Desktop/Turing/mod_4/new_projects/cup_of_sugar/cup-of-sugar-BE/spec/models/category_spec.rb": {
        "lines": [
          1,
          null,
          1,
          1,
          2,
          null,
          null,
          1,
          2,
          null,
          null
        ]
      },
      "/Users/lainmcgrath/Desktop/Turing/mod_4/new_projects/cup_of_sugar/cup-of-sugar-BE/app/models/category.rb": {
        "lines": [
          1,
          1,
          null,
          1,
          null
        ]
      },
      "/Users/lainmcgrath/Desktop/Turing/mod_4/new_projects/cup_of_sugar/cup-of-sugar-BE/app/models/application_record.rb": {
        "lines": [
          1,
          1,
          null
        ]
      },
      "/Users/lainmcgrath/Desktop/Turing/mod_4/new_projects/cup_of_sugar/cup-of-sugar-BE/spec/models/item_spec.rb": {
        "lines": [
          1,
          null,
          1,
          1,
          2,
          2,
          2,
          null,
          null,
          1,
          2,
          null,
          null
        ]
      },
      "/Users/lainmcgrath/Desktop/Turing/mod_4/new_projects/cup_of_sugar/cup-of-sugar-BE/app/models/item.rb": {
        "lines": [
          1,
          1,
          null,
          1,
          null
        ]
      },
      "/Users/lainmcgrath/Desktop/Turing/mod_4/new_projects/cup_of_sugar/cup-of-sugar-BE/app/controllers/application_controller.rb": {
        "lines": [
          1,
          null
        ]
      },
      "/Users/lainmcgrath/Desktop/Turing/mod_4/new_projects/cup_of_sugar/cup-of-sugar-BE/app/controllers/graphql_controller.rb": {
        "lines": [
          1,
          null,
          null,
          null,
          null,
          null,
          1,
          1,
          1,
          1,
          1,
          null,
          null,
          null,
          1,
          1,
          null,
          0,
          0,
          null,
          null,
          1,
          null,
          null,
          1,
          1,
          null,
          0,
          0,
          null,
          0,
          null,
          null,
          0,
          null,
          1,
          null,
          0,
          null,
          null,
          null,
          1,
          0,
          0,
          null,
          0,
          null,
          null
        ]
      },
      "/Users/lainmcgrath/Desktop/Turing/mod_4/new_projects/cup_of_sugar/cup-of-sugar-BE/app/graphql/cup_of_sugar_be_schema.rb": {
        "lines": [
          1,
          1,
          1,
          null,
          null,
          1,
          1,
          null,
          null,
          1,
          null
        ]
      },
      "/Users/lainmcgrath/Desktop/Turing/mod_4/new_projects/cup_of_sugar/cup-of-sugar-BE/app/graphql/types/mutation_type.rb": {
        "lines": [
          1,
          1,
          1,
          null,
          null
        ]
      }
    },
    "timestamp": 1586289152
  }
}
